<?xml version="1.0" encoding="UTF-8"?>
<testng-results ignored="0" total="2" passed="2" failed="0" skipped="0">
  <reporter-output>
  </reporter-output>
  <suite started-at="2025-09-19T12:53:48 IST" name="Default suite" finished-at="2025-09-19T12:53:53 IST" duration-ms="4790">
    <groups>
    </groups>
    <test started-at="2025-09-19T12:53:48 IST" name="Default test" finished-at="2025-09-19T12:53:53 IST" duration-ms="4790">
      <class name="Tets.BaseClass">
        <test-method signature="base()[pri:0, instance:Tets.BaseClass@235ecd9f]" started-at="2025-09-19T12:53:48 IST" name="base" finished-at="2025-09-19T12:53:51 IST" duration-ms="3068" status="PASS">
          <reporter-output>
          </reporter-output>
        </test-method> <!-- base -->
        <test-method signature="getUrl()[pri:0, instance:Tets.BaseClass@235ecd9f]" started-at="2025-09-19T12:53:51 IST" name="getUrl" finished-at="2025-09-19T12:53:53 IST" duration-ms="1476" status="PASS">
          <reporter-output>
          </reporter-output>
        </test-method> <!-- getUrl -->
        <test-method is-config="true" signature="tearDown()[pri:0, instance:Tets.BaseClass@235ecd9f]" started-at="2025-09-19T12:53:53 IST" name="tearDown" finished-at="2025-09-19T12:53:53 IST" duration-ms="183" status="PASS">
          <reporter-output>
          </reporter-output>
        </test-method> <!-- tearDown -->
      </class> <!-- Tets.BaseClass -->
    </test> <!-- Default test -->
  </suite> <!-- Default suite -->
</testng-results>
